mapsforge-poi-android/build/outputs/logs/manifest-merger-debug-report.txt
-- Merging decision tree log ---
manifest
ADDED from mapsforge-poi-android\AndroidManifest.xml:2:1-49
INJECTED from mapsforge-poi-android\AndroidManifest.xml:2:1-49
INJECTED from mapsforge-poi-android\AndroidManifest.xml:2:1-49
	package
		ADDED from mapsforge-poi-android\AndroidManifest.xml:2:11-46
		INJECTED from mapsforge-poi-android\AndroidManifest.xml
		INJECTED from mapsforge-poi-android\AndroidManifest.xml
	xmlns:android
		ADDED from mapsforge-poi-android\AndroidManifest.xml:2:1-49
uses-sdk
INJECTED from mapsforge-poi-android\AndroidManifest.xml reason: use-sdk injection requested
INJECTED from mapsforge-poi-android\AndroidManifest.xml
INJECTED from mapsforge-poi-android\AndroidManifest.xml
INJECTED from mapsforge-poi-android\AndroidManifest.xml
INJECTED from mapsforge-poi-android\AndroidManifest.xml
	android:targetSdkVersion
		INJECTED from mapsforge-poi-android\AndroidManifest.xml
		ADDED from mapsforge-poi-android\AndroidManifest.xml
		INJECTED from mapsforge-poi-android\AndroidManifest.xml
	android:minSdkVersion
		INJECTED from mapsforge-poi-android\AndroidManifest.xml
		ADDED from mapsforge-poi-android\AndroidManifest.xml
		INJECTED from mapsforge-poi-android\AndroidManifest.xml